  enemy.cpp
  코드를 생성하고 있습니다...
  컴파일하고 있습니다...
  winMain.cpp
c:\users\woght\documents\github\newteamproject\teamproject\item.h(45): warning C4244: '=' : 'LONG'에서 'float'(으)로 변환하면서 데이터가 손실될 수 있습니다.
c:\users\woght\documents\github\newteamproject\teamproject\item.h(46): warning C4244: '인수' : 'float'에서 'int'(으)로 변환하면서 데이터가 손실될 수 있습니다.
  stage1.cpp
c:\users\woght\documents\github\newteamproject\teamproject\item.h(45): warning C4244: '=' : 'LONG'에서 'float'(으)로 변환하면서 데이터가 손실될 수 있습니다.
c:\users\woght\documents\github\newteamproject\teamproject\item.h(46): warning C4244: '인수' : 'float'에서 'int'(으)로 변환하면서 데이터가 손실될 수 있습니다.
c:\users\woght\documents\github\newteamproject\teamproject\stage1.cpp(128): warning C4018: '<' : signed 또는 unsigned가 일치하지 않습니다.
c:\users\woght\documents\github\newteamproject\teamproject\stage1.cpp(135): warning C4018: '<' : signed 또는 unsigned가 일치하지 않습니다.
c:\users\woght\documents\github\newteamproject\teamproject\stage1.cpp(381): warning C4244: '인수' : 'float'에서 'int'(으)로 변환하면서 데이터가 손실될 수 있습니다.
c:\users\woght\documents\github\newteamproject\teamproject\stage1.cpp(382): warning C4244: '인수' : 'float'에서 'int'(으)로 변환하면서 데이터가 손실될 수 있습니다.
c:\users\woght\documents\github\newteamproject\teamproject\stage1.cpp(390): warning C4018: '<' : signed 또는 unsigned가 일치하지 않습니다.
  minion02.cpp
  minion01.cpp
  minion00.cpp
  mainGame.cpp
c:\users\woght\documents\github\newteamproject\teamproject\item.h(45): warning C4244: '=' : 'LONG'에서 'float'(으)로 변환하면서 데이터가 손실될 수 있습니다.
c:\users\woght\documents\github\newteamproject\teamproject\item.h(46): warning C4244: '인수' : 'float'에서 'int'(으)로 변환하면서 데이터가 손실될 수 있습니다.
  enemyManager.cpp
c:\users\woght\documents\github\newteamproject\teamproject\item.h(45): warning C4244: '=' : 'LONG'에서 'float'(으)로 변환하면서 데이터가 손실될 수 있습니다.
c:\users\woght\documents\github\newteamproject\teamproject\item.h(46): warning C4244: '인수' : 'float'에서 'int'(으)로 변환하면서 데이터가 손실될 수 있습니다.
  boss00.cpp
  코드를 생성하고 있습니다...
  HexaWindowsAPI.vcxproj -> C:\Users\woght\Documents\GitHub\newTeamProject\teamProject\Debug\HexaWindowsAPI.exe
